{"total": {"lines":{"total":152,"covered":71,"skipped":0,"pct":46.71},"statements":{"total":155,"covered":73,"skipped":0,"pct":47.1},"functions":{"total":68,"covered":37,"skipped":0,"pct":54.41},"branches":{"total":53,"covered":19,"skipped":0,"pct":35.85}}
,"/Users/saadaouad/react-docs/src/index.js": {"lines":{"total":9,"covered":0,"skipped":0,"pct":0},"functions":{"total":0,"covered":0,"skipped":0,"pct":100},"statements":{"total":9,"covered":0,"skipped":0,"pct":0},"branches":{"total":0,"covered":0,"skipped":0,"pct":100}}
,"/Users/saadaouad/react-docs/src/registerServiceWorker.js": {"lines":{"total":29,"covered":0,"skipped":0,"pct":0},"functions":{"total":14,"covered":0,"skipped":0,"pct":0},"statements":{"total":29,"covered":0,"skipped":0,"pct":0},"branches":{"total":21,"covered":0,"skipped":0,"pct":0}}
,"/Users/saadaouad/react-docs/src/setupTests.js": {"lines":{"total":1,"covered":1,"skipped":0,"pct":100},"functions":{"total":0,"covered":0,"skipped":0,"pct":100},"statements":{"total":1,"covered":1,"skipped":0,"pct":100},"branches":{"total":0,"covered":0,"skipped":0,"pct":100}}
,"/Users/saadaouad/react-docs/src/components/components-and-props/Avatar.js": {"lines":{"total":1,"covered":1,"skipped":0,"pct":100},"functions":{"total":1,"covered":1,"skipped":0,"pct":100},"statements":{"total":1,"covered":1,"skipped":0,"pct":100},"branches":{"total":0,"covered":0,"skipped":0,"pct":100}}
,"/Users/saadaouad/react-docs/src/components/components-and-props/UserInfo.js": {"lines":{"total":1,"covered":1,"skipped":0,"pct":100},"functions":{"total":1,"covered":1,"skipped":0,"pct":100},"statements":{"total":1,"covered":1,"skipped":0,"pct":100},"branches":{"total":0,"covered":0,"skipped":0,"pct":100}}
,"/Users/saadaouad/react-docs/src/components/conditional-rendering/Page.js": {"lines":{"total":8,"covered":5,"skipped":0,"pct":62.5},"functions":{"total":5,"covered":4,"skipped":0,"pct":80},"statements":{"total":9,"covered":6,"skipped":0,"pct":66.67},"branches":{"total":4,"covered":2,"skipped":0,"pct":50}}
,"/Users/saadaouad/react-docs/src/components/conditional-rendering/index.js": {"lines":{"total":17,"covered":9,"skipped":0,"pct":52.94},"functions":{"total":9,"covered":4,"skipped":0,"pct":44.44},"statements":{"total":17,"covered":9,"skipped":0,"pct":52.94},"branches":{"total":4,"covered":2,"skipped":0,"pct":50}}
,"/Users/saadaouad/react-docs/src/components/forms/index.js": {"lines":{"total":14,"covered":9,"skipped":0,"pct":64.29},"functions":{"total":5,"covered":3,"skipped":0,"pct":60},"statements":{"total":14,"covered":9,"skipped":0,"pct":64.29},"branches":{"total":12,"covered":8,"skipped":0,"pct":66.67}}
,"/Users/saadaouad/react-docs/src/components/handling-events/index.js": {"lines":{"total":5,"covered":5,"skipped":0,"pct":100},"functions":{"total":4,"covered":4,"skipped":0,"pct":100},"statements":{"total":6,"covered":6,"skipped":0,"pct":100},"branches":{"total":2,"covered":2,"skipped":0,"pct":100}}
,"/Users/saadaouad/react-docs/src/components/happy-hacking/index.js": {"lines":{"total":1,"covered":1,"skipped":0,"pct":100},"functions":{"total":1,"covered":1,"skipped":0,"pct":100},"statements":{"total":1,"covered":1,"skipped":0,"pct":100},"branches":{"total":0,"covered":0,"skipped":0,"pct":100}}
,"/Users/saadaouad/react-docs/src/components/header/index.js": {"lines":{"total":1,"covered":1,"skipped":0,"pct":100},"functions":{"total":1,"covered":1,"skipped":0,"pct":100},"statements":{"total":1,"covered":1,"skipped":0,"pct":100},"branches":{"total":0,"covered":0,"skipped":0,"pct":100}}
,"/Users/saadaouad/react-docs/src/components/home/index.js": {"lines":{"total":1,"covered":1,"skipped":0,"pct":100},"functions":{"total":1,"covered":1,"skipped":0,"pct":100},"statements":{"total":1,"covered":1,"skipped":0,"pct":100},"branches":{"total":0,"covered":0,"skipped":0,"pct":100}}
,"/Users/saadaouad/react-docs/src/components/introducing-jsx/index.js": {"lines":{"total":3,"covered":3,"skipped":0,"pct":100},"functions":{"total":2,"covered":2,"skipped":0,"pct":100},"statements":{"total":3,"covered":3,"skipped":0,"pct":100},"branches":{"total":0,"covered":0,"skipped":0,"pct":100}}
,"/Users/saadaouad/react-docs/src/components/lifting-state-up/TemperatureInput.js": {"lines":{"total":7,"covered":6,"skipped":0,"pct":85.71},"functions":{"total":3,"covered":2,"skipped":0,"pct":66.67},"statements":{"total":7,"covered":6,"skipped":0,"pct":85.71},"branches":{"total":0,"covered":0,"skipped":0,"pct":100}}
,"/Users/saadaouad/react-docs/src/components/lifting-state-up/index.js": {"lines":{"total":22,"covered":14,"skipped":0,"pct":63.64},"functions":{"total":8,"covered":4,"skipped":0,"pct":50},"statements":{"total":22,"covered":14,"skipped":0,"pct":63.64},"branches":{"total":8,"covered":4,"skipped":0,"pct":50}}
,"/Users/saadaouad/react-docs/src/components/lists-and-keys/index.js": {"lines":{"total":5,"covered":5,"skipped":0,"pct":100},"functions":{"total":2,"covered":2,"skipped":0,"pct":100},"statements":{"total":5,"covered":5,"skipped":0,"pct":100},"branches":{"total":0,"covered":0,"skipped":0,"pct":100}}
,"/Users/saadaouad/react-docs/src/components/main-component/index.js": {"lines":{"total":1,"covered":1,"skipped":0,"pct":100},"functions":{"total":1,"covered":1,"skipped":0,"pct":100},"statements":{"total":1,"covered":1,"skipped":0,"pct":100},"branches":{"total":0,"covered":0,"skipped":0,"pct":100}}
,"/Users/saadaouad/react-docs/src/components/menu/index.js": {"lines":{"total":3,"covered":3,"skipped":0,"pct":100},"functions":{"total":2,"covered":2,"skipped":0,"pct":100},"statements":{"total":3,"covered":3,"skipped":0,"pct":100},"branches":{"total":2,"covered":1,"skipped":0,"pct":50}}
,"/Users/saadaouad/react-docs/src/components/state-and-lifecycle/index.js": {"lines":{"total":7,"covered":5,"skipped":0,"pct":71.43},"functions":{"total":7,"covered":4,"skipped":0,"pct":57.14},"statements":{"total":8,"covered":5,"skipped":0,"pct":62.5},"branches":{"total":0,"covered":0,"skipped":0,"pct":100}}
,"/Users/saadaouad/react-docs/src/routes/index.js": {"lines":{"total":16,"covered":0,"skipped":0,"pct":0},"functions":{"total":1,"covered":0,"skipped":0,"pct":0},"statements":{"total":16,"covered":0,"skipped":0,"pct":0},"branches":{"total":0,"covered":0,"skipped":0,"pct":100}}
}
