{"/Users/saadaouad/react-docs/src/index.js": {"path":"/Users/saadaouad/react-docs/src/index.js","statementMap":{"0":{"start":{"line":1,"column":0},"end":{"line":null,"column":-1}},"1":{"start":{"line":2,"column":0},"end":{"line":null,"column":-1}},"2":{"start":{"line":3,"column":0},"end":{"line":null,"column":-1}},"3":{"start":{"line":4,"column":0},"end":{"line":null,"column":-1}},"4":{"start":{"line":5,"column":0},"end":{"line":null,"column":-1}},"5":{"start":{"line":7,"column":0},"end":{"line":null,"column":-1}},"6":{"start":{"line":8,"column":0},"end":{"line":null,"column":-1}},"7":{"start":{"line":10,"column":0},"end":{"line":null,"column":-1}},"8":{"start":{"line":11,"column":0},"end":{"line":null,"column":-1}}},"fnMap":{},"branchMap":{},"s":{"0":0,"1":0,"2":0,"3":0,"4":0,"5":0,"6":0,"7":0,"8":0},"f":{},"b":{}}
,"/Users/saadaouad/react-docs/src/registerServiceWorker.js": {"path":"/Users/saadaouad/react-docs/src/registerServiceWorker.js","statementMap":{"0":{"start":{"line":11,"column":20},"end":{"line":11,"column":0}},"1":{"start":{"line":22,"column":2},"end":{"line":43,"column":3}},"2":{"start":{"line":24,"column":22},"end":{"line":24,"column":4}},"3":{"start":{"line":25,"column":4},"end":{"line":30,"column":5}},"4":{"start":{"line":29,"column":6},"end":{"line":null,"column":-1}},"5":{"start":{"line":32,"column":4},"end":{"line":null,"column":-1}},"6":{"start":{"line":33,"column":21},"end":{"line":33,"column":6}},"7":{"start":{"line":35,"column":6},"end":{"line":41,"column":7}},"8":{"start":{"line":37,"column":8},"end":{"line":null,"column":-1}},"9":{"start":{"line":40,"column":8},"end":{"line":null,"column":-1}},"10":{"start":{"line":47,"column":2},"end":{"line":null,"column":-1}},"11":{"start":{"line":50,"column":6},"end":{"line":null,"column":-1}},"12":{"start":{"line":51,"column":33},"end":{"line":51,"column":8}},"13":{"start":{"line":52,"column":8},"end":{"line":null,"column":-1}},"14":{"start":{"line":53,"column":10},"end":{"line":66,"column":11}},"15":{"start":{"line":54,"column":12},"end":{"line":65,"column":13}},"16":{"start":{"line":59,"column":14},"end":{"line":null,"column":-1}},"17":{"start":{"line":64,"column":14},"end":{"line":null,"column":-1}},"18":{"start":{"line":71,"column":6},"end":{"line":null,"column":-1}},"19":{"start":{"line":77,"column":2},"end":{"line":null,"column":-1}},"20":{"start":{"line":80,"column":6},"end":{"line":93,"column":7}},"21":{"start":{"line":85,"column":8},"end":{"line":null,"column":-1}},"22":{"start":{"line":86,"column":10},"end":{"line":null,"column":-1}},"23":{"start":{"line":87,"column":12},"end":{"line":null,"column":-1}},"24":{"start":{"line":92,"column":8},"end":{"line":null,"column":-1}},"25":{"start":{"line":96,"column":6},"end":{"line":null,"column":-1}},"26":{"start":{"line":103,"column":2},"end":{"line":107,"column":3}},"27":{"start":{"line":104,"column":4},"end":{"line":null,"column":-1}},"28":{"start":{"line":105,"column":6},"end":{"line":null,"column":-1}}},"fnMap":{"0":{"name":"register","decl":{"start":{"line":21,"column":24},"end":{"line":21,"column":15}},"loc":{"start":{"line":21,"column":35},"end":{"line":44,"column":1}}},"1":{"name":"(anonymous_1)","decl":{"start":{"line":32,"column":36},"end":{"line":32,"column":41}},"loc":{"start":{"line":32,"column":42},"end":{"line":32,"column":4}}},"2":{"name":"registerValidSW","decl":{"start":{"line":46,"column":9},"end":{"line":46,"column":0}},"loc":{"start":{"line":46,"column":32},"end":{"line":73,"column":1}}},"3":{"name":"(anonymous_3)","decl":{"start":{"line":49,"column":10},"end":{"line":49,"column":21}},"loc":{"start":{"line":49,"column":26},"end":{"line":47,"column":2}}},"4":{"name":"(anonymous_4)","decl":{"start":{"line":50,"column":35},"end":{"line":50,"column":40}},"loc":{"start":{"line":50,"column":41},"end":{"line":50,"column":6}}},"5":{"name":"(anonymous_5)","decl":{"start":{"line":52,"column":41},"end":{"line":52,"column":46}},"loc":{"start":{"line":52,"column":47},"end":{"line":52,"column":8}}},"6":{"name":"(anonymous_6)","decl":{"start":{"line":70,"column":11},"end":{"line":70,"column":15}},"loc":{"start":{"line":70,"column":20},"end":{"line":47,"column":2}}},"7":{"name":"checkValidServiceWorker","decl":{"start":{"line":75,"column":9},"end":{"line":75,"column":0}},"loc":{"start":{"line":75,"column":40},"end":{"line":100,"column":1}}},"8":{"name":"(anonymous_8)","decl":{"start":{"line":78,"column":10},"end":{"line":78,"column":17}},"loc":{"start":{"line":78,"column":22},"end":{"line":77,"column":2}}},"9":{"name":"(anonymous_9)","decl":{"start":{"line":85,"column":43},"end":{"line":85,"column":54}},"loc":{"start":{"line":85,"column":59},"end":{"line":85,"column":8}}},"10":{"name":"(anonymous_10)","decl":{"start":{"line":86,"column":41},"end":{"line":86,"column":46}},"loc":{"start":{"line":86,"column":47},"end":{"line":86,"column":10}}},"11":{"name":"(anonymous_11)","decl":{"start":{"line":95,"column":11},"end":{"line":95,"column":16}},"loc":{"start":{"line":95,"column":17},"end":{"line":77,"column":2}}},"12":{"name":"unregister","decl":{"start":{"line":102,"column":16},"end":{"line":102,"column":7}},"loc":{"start":{"line":102,"column":29},"end":{"line":108,"column":1}}},"13":{"name":"(anonymous_13)","decl":{"start":{"line":104,"column":39},"end":{"line":104,"column":50}},"loc":{"start":{"line":104,"column":55},"end":{"line":104,"column":4}}}},"branchMap":{"0":{"loc":{"start":{"line":12,"column":2},"end":{"line":12,"column":1}},"type":"binary-expr","locations":[{"start":{"line":12,"column":2},"end":{"line":12,"column":1}},{"start":{"line":14,"column":4},"end":{"line":12,"column":2}},{"start":{"line":16,"column":4},"end":{"line":11,"column":27}}]},"1":{"loc":{"start":{"line":22,"column":2},"end":{"line":43,"column":3}},"type":"if","locations":[{"start":{"line":22,"column":2},"end":{"line":43,"column":3}},{"start":{"line":22,"column":2},"end":{"line":43,"column":3}}]},"2":{"loc":{"start":{"line":22,"column":6},"end":{"line":22,"column":5}},"type":"binary-expr","locations":[{"start":{"line":22,"column":6},"end":{"line":22,"column":5}},{"start":{"line":22,"column":47},"end":{"line":22,"column":2}}]},"3":{"loc":{"start":{"line":25,"column":4},"end":{"line":30,"column":5}},"type":"if","locations":[{"start":{"line":25,"column":4},"end":{"line":30,"column":5}},{"start":{"line":25,"column":4},"end":{"line":30,"column":5}}]},"4":{"loc":{"start":{"line":35,"column":6},"end":{"line":41,"column":7}},"type":"if","locations":[{"start":{"line":35,"column":6},"end":{"line":41,"column":7}},{"start":{"line":35,"column":6},"end":{"line":41,"column":7}}]},"5":{"loc":{"start":{"line":53,"column":10},"end":{"line":66,"column":11}},"type":"if","locations":[{"start":{"line":53,"column":10},"end":{"line":66,"column":11}},{"start":{"line":53,"column":10},"end":{"line":66,"column":11}}]},"6":{"loc":{"start":{"line":54,"column":12},"end":{"line":65,"column":13}},"type":"if","locations":[{"start":{"line":54,"column":12},"end":{"line":65,"column":13}},{"start":{"line":54,"column":12},"end":{"line":65,"column":13}}]},"7":{"loc":{"start":{"line":80,"column":6},"end":{"line":93,"column":7}},"type":"if","locations":[{"start":{"line":80,"column":6},"end":{"line":93,"column":7}},{"start":{"line":80,"column":6},"end":{"line":93,"column":7}}]},"8":{"loc":{"start":{"line":81,"column":8},"end":{"line":81,"column":7}},"type":"binary-expr","locations":[{"start":{"line":81,"column":8},"end":{"line":81,"column":7}},{"start":{"line":82,"column":8},"end":{"line":80,"column":6}}]},"9":{"loc":{"start":{"line":103,"column":2},"end":{"line":107,"column":3}},"type":"if","locations":[{"start":{"line":103,"column":2},"end":{"line":107,"column":3}},{"start":{"line":103,"column":2},"end":{"line":107,"column":3}}]}},"s":{"0":0,"1":0,"2":0,"3":0,"4":0,"5":0,"6":0,"7":0,"8":0,"9":0,"10":0,"11":0,"12":0,"13":0,"14":0,"15":0,"16":0,"17":0,"18":0,"19":0,"20":0,"21":0,"22":0,"23":0,"24":0,"25":0,"26":0,"27":0,"28":0},"f":{"0":0,"1":0,"2":0,"3":0,"4":0,"5":0,"6":0,"7":0,"8":0,"9":0,"10":0,"11":0,"12":0,"13":0},"b":{"0":[0,0,0],"1":[0,0],"2":[0,0],"3":[0,0],"4":[0,0],"5":[0,0],"6":[0,0],"7":[0,0],"8":[0,0],"9":[0,0]}}
,"/Users/saadaouad/react-docs/src/setupTests.js": {"path":"/Users/saadaouad/react-docs/src/setupTests.js","statementMap":{"0":{"start":{"line":4,"column":0},"end":{"line":4,"column":38}}},"fnMap":{},"branchMap":{},"s":{"0":16},"f":{},"b":{},"_coverageSchema":"332fd63041d2c1bcb487cc26dd0d5f7d97098a6c","hash":"0f9153927b8e176c43e01eca93d9359b4c0a95b7"}
,"/Users/saadaouad/react-docs/src/components/components-and-props/Avatar.js": {"path":"/Users/saadaouad/react-docs/src/components/components-and-props/Avatar.js","statementMap":{"0":{"start":{"line":5,"column":2},"end":{"line":10,"column":4}}},"fnMap":{"0":{"name":"(anonymous_0)","decl":{"start":{"line":4,"column":2},"end":{"line":4,"column":3}},"loc":{"start":{"line":4,"column":11},"end":{"line":11,"column":3}},"line":4}},"branchMap":{},"s":{"0":2},"f":{"0":2},"b":{},"_coverageSchema":"332fd63041d2c1bcb487cc26dd0d5f7d97098a6c","hash":"d1d88e93bbef19732588ce8fadd7b0b3541745e6"}
,"/Users/saadaouad/react-docs/src/components/components-and-props/UserInfo.js": {"path":"/Users/saadaouad/react-docs/src/components/components-and-props/UserInfo.js","statementMap":{"0":{"start":{"line":6,"column":4},"end":{"line":14,"column":6}}},"fnMap":{"0":{"name":"(anonymous_0)","decl":{"start":{"line":5,"column":2},"end":{"line":5,"column":3}},"loc":{"start":{"line":5,"column":11},"end":{"line":15,"column":3}},"line":5}},"branchMap":{},"s":{"0":1},"f":{"0":1},"b":{},"_coverageSchema":"332fd63041d2c1bcb487cc26dd0d5f7d97098a6c","hash":"c7708a0d69cbfdd4f6710b40a5e3f19cc24bd380"}
,"/Users/saadaouad/react-docs/src/components/conditional-rendering/Page.js": {"path":"/Users/saadaouad/react-docs/src/components/conditional-rendering/Page.js","statementMap":{"0":{"start":{"line":4,"column":2},"end":{"line":6,"column":3}},"1":{"start":{"line":5,"column":4},"end":{"line":5,"column":16}},"2":{"start":{"line":8,"column":2},"end":{"line":8,"column":49}},"3":{"start":{"line":13,"column":4},"end":{"line":13,"column":17}},"4":{"start":{"line":14,"column":4},"end":{"line":14,"column":39}},"5":{"start":{"line":15,"column":4},"end":{"line":15,"column":63}},"6":{"start":{"line":19,"column":4},"end":{"line":21,"column":8}},"7":{"start":{"line":19,"column":32},"end":{"line":21,"column":5}},"8":{"start":{"line":25,"column":4},"end":{"line":32,"column":6}}},"fnMap":{"0":{"name":"WarningBanner","decl":{"start":{"line":3,"column":9},"end":{"line":3,"column":22}},"loc":{"start":{"line":3,"column":30},"end":{"line":9,"column":1}},"line":3},"1":{"name":"(anonymous_1)","decl":{"start":{"line":12,"column":2},"end":{"line":12,"column":3}},"loc":{"start":{"line":12,"column":21},"end":{"line":16,"column":3}},"line":12},"2":{"name":"(anonymous_2)","decl":{"start":{"line":18,"column":2},"end":{"line":18,"column":3}},"loc":{"start":{"line":18,"column":22},"end":{"line":22,"column":3}},"line":18},"3":{"name":"(anonymous_3)","decl":{"start":{"line":19,"column":18},"end":{"line":19,"column":19}},"loc":{"start":{"line":19,"column":32},"end":{"line":21,"column":5}},"line":19},"4":{"name":"(anonymous_4)","decl":{"start":{"line":24,"column":2},"end":{"line":24,"column":3}},"loc":{"start":{"line":24,"column":11},"end":{"line":33,"column":3}},"line":24}},"branchMap":{"0":{"loc":{"start":{"line":4,"column":2},"end":{"line":6,"column":3}},"type":"if","locations":[{"start":{"line":4,"column":2},"end":{"line":6,"column":3}},{"start":{"line":4,"column":2},"end":{"line":6,"column":3}}],"line":4},"1":{"loc":{"start":{"line":29,"column":11},"end":{"line":29,"column":51}},"type":"cond-expr","locations":[{"start":{"line":29,"column":36},"end":{"line":29,"column":42}},{"start":{"line":29,"column":45},"end":{"line":29,"column":51}}],"line":29}},"s":{"0":0,"1":0,"2":0,"3":1,"4":1,"5":1,"6":1,"7":1,"8":2},"f":{"0":0,"1":1,"2":1,"3":1,"4":2},"b":{"0":[0,0],"1":[1,1]},"_coverageSchema":"332fd63041d2c1bcb487cc26dd0d5f7d97098a6c","hash":"6b5cd371cfdc215d275ae79ec4c5c30ab9d8f801"}
,"/Users/saadaouad/react-docs/src/components/conditional-rendering/index.js": {"path":"/Users/saadaouad/react-docs/src/components/conditional-rendering/index.js","statementMap":{"0":{"start":{"line":4,"column":2},"end":{"line":4,"column":30}},"1":{"start":{"line":8,"column":2},"end":{"line":8,"column":32}},"2":{"start":{"line":12,"column":21},"end":{"line":12,"column":37}},"3":{"start":{"line":13,"column":2},"end":{"line":15,"column":3}},"4":{"start":{"line":14,"column":4},"end":{"line":14,"column":28}},"5":{"start":{"line":16,"column":2},"end":{"line":16,"column":27}},"6":{"start":{"line":20,"column":2},"end":{"line":20,"column":56}},"7":{"start":{"line":24,"column":2},"end":{"line":24,"column":57}},"8":{"start":{"line":29,"column":4},"end":{"line":29,"column":17}},"9":{"start":{"line":30,"column":4},"end":{"line":30,"column":61}},"10":{"start":{"line":31,"column":4},"end":{"line":31,"column":63}},"11":{"start":{"line":32,"column":4},"end":{"line":32,"column":39}},"12":{"start":{"line":36,"column":4},"end":{"line":36,"column":40}},"13":{"start":{"line":40,"column":4},"end":{"line":40,"column":41}},"14":{"start":{"line":44,"column":23},"end":{"line":44,"column":44}},"15":{"start":{"line":45,"column":19},"end":{"line":49,"column":5}},"16":{"start":{"line":51,"column":4},"end":{"line":57,"column":6}}},"fnMap":{"0":{"name":"UserGreeting","decl":{"start":{"line":3,"column":9},"end":{"line":3,"column":21}},"loc":{"start":{"line":3,"column":29},"end":{"line":5,"column":1}},"line":3},"1":{"name":"GuestGreeting","decl":{"start":{"line":7,"column":9},"end":{"line":7,"column":22}},"loc":{"start":{"line":7,"column":30},"end":{"line":9,"column":1}},"line":7},"2":{"name":"Greeting","decl":{"start":{"line":11,"column":9},"end":{"line":11,"column":17}},"loc":{"start":{"line":11,"column":25},"end":{"line":17,"column":1}},"line":11},"3":{"name":"LoginButton","decl":{"start":{"line":19,"column":9},"end":{"line":19,"column":20}},"loc":{"start":{"line":19,"column":28},"end":{"line":21,"column":1}},"line":19},"4":{"name":"LogoutButton","decl":{"start":{"line":23,"column":9},"end":{"line":23,"column":21}},"loc":{"start":{"line":23,"column":29},"end":{"line":25,"column":1}},"line":23},"5":{"name":"(anonymous_5)","decl":{"start":{"line":28,"column":2},"end":{"line":28,"column":3}},"loc":{"start":{"line":28,"column":21},"end":{"line":33,"column":3}},"line":28},"6":{"name":"(anonymous_6)","decl":{"start":{"line":35,"column":2},"end":{"line":35,"column":3}},"loc":{"start":{"line":35,"column":21},"end":{"line":37,"column":3}},"line":35},"7":{"name":"(anonymous_7)","decl":{"start":{"line":39,"column":2},"end":{"line":39,"column":3}},"loc":{"start":{"line":39,"column":22},"end":{"line":41,"column":3}},"line":39},"8":{"name":"(anonymous_8)","decl":{"start":{"line":43,"column":2},"end":{"line":43,"column":3}},"loc":{"start":{"line":43,"column":11},"end":{"line":58,"column":3}},"line":43}},"branchMap":{"0":{"loc":{"start":{"line":13,"column":2},"end":{"line":15,"column":3}},"type":"if","locations":[{"start":{"line":13,"column":2},"end":{"line":15,"column":3}},{"start":{"line":13,"column":2},"end":{"line":15,"column":3}}],"line":13},"1":{"loc":{"start":{"line":45,"column":19},"end":{"line":49,"column":5}},"type":"cond-expr","locations":[{"start":{"line":46,"column":6},"end":{"line":46,"column":74}},{"start":{"line":48,"column":6},"end":{"line":48,"column":71}}],"line":45}},"s":{"0":0,"1":0,"2":0,"3":0,"4":0,"5":0,"6":0,"7":0,"8":1,"9":1,"10":1,"11":1,"12":1,"13":1,"14":3,"15":3,"16":3},"f":{"0":0,"1":0,"2":0,"3":0,"4":0,"5":1,"6":1,"7":1,"8":3},"b":{"0":[0,0],"1":[1,2]},"_coverageSchema":"332fd63041d2c1bcb487cc26dd0d5f7d97098a6c","hash":"3a794091957e71e287b5e79689169d5eb716570f"}
,"/Users/saadaouad/react-docs/src/components/forms/index.js": {"path":"/Users/saadaouad/react-docs/src/components/forms/index.js","statementMap":{"0":{"start":{"line":4,"column":14},"end":{"line":75,"column":1}},"1":{"start":{"line":5,"column":2},"end":{"line":74,"column":8}},"2":{"start":{"line":11,"column":23},"end":{"line":11,"column":25}},"3":{"start":{"line":12,"column":10},"end":{"line":18,"column":11}},"4":{"start":{"line":13,"column":12},"end":{"line":13,"column":38}},"5":{"start":{"line":14,"column":17},"end":{"line":18,"column":11}},"6":{"start":{"line":17,"column":12},"end":{"line":17,"column":51}},"7":{"start":{"line":19,"column":10},"end":{"line":21,"column":11}},"8":{"start":{"line":20,"column":12},"end":{"line":20,"column":41}},"9":{"start":{"line":22,"column":10},"end":{"line":22,"column":24}},"10":{"start":{"line":25,"column":10},"end":{"line":28,"column":18}},"11":{"start":{"line":26,"column":12},"end":{"line":26,"column":51}},"12":{"start":{"line":27,"column":12},"end":{"line":27,"column":33}},"13":{"start":{"line":40,"column":10},"end":{"line":70,"column":17}}},"fnMap":{"0":{"name":"(anonymous_0)","decl":{"start":{"line":4,"column":14},"end":{"line":4,"column":15}},"loc":{"start":{"line":5,"column":2},"end":{"line":74,"column":8}},"line":5},"1":{"name":"(anonymous_1)","decl":{"start":{"line":10,"column":18},"end":{"line":10,"column":19}},"loc":{"start":{"line":10,"column":28},"end":{"line":23,"column":9}},"line":10},"2":{"name":"(anonymous_2)","decl":{"start":{"line":24,"column":18},"end":{"line":24,"column":19}},"loc":{"start":{"line":24,"column":49},"end":{"line":29,"column":9}},"line":24},"3":{"name":"(anonymous_3)","decl":{"start":{"line":25,"column":21},"end":{"line":25,"column":22}},"loc":{"start":{"line":25,"column":27},"end":{"line":28,"column":11}},"line":25},"4":{"name":"(anonymous_4)","decl":{"start":{"line":31,"column":9},"end":{"line":31,"column":10}},"loc":{"start":{"line":40,"column":10},"end":{"line":70,"column":17}},"line":40}},"branchMap":{"0":{"loc":{"start":{"line":12,"column":10},"end":{"line":18,"column":11}},"type":"if","locations":[{"start":{"line":12,"column":10},"end":{"line":18,"column":11}},{"start":{"line":12,"column":10},"end":{"line":18,"column":11}}],"line":12},"1":{"loc":{"start":{"line":14,"column":17},"end":{"line":18,"column":11}},"type":"if","locations":[{"start":{"line":14,"column":17},"end":{"line":18,"column":11}},{"start":{"line":14,"column":17},"end":{"line":18,"column":11}}],"line":14},"2":{"loc":{"start":{"line":19,"column":10},"end":{"line":21,"column":11}},"type":"if","locations":[{"start":{"line":19,"column":10},"end":{"line":21,"column":11}},{"start":{"line":19,"column":10},"end":{"line":21,"column":11}}],"line":19},"3":{"loc":{"start":{"line":50,"column":17},"end":{"line":50,"column":62}},"type":"binary-expr","locations":[{"start":{"line":50,"column":17},"end":{"line":50,"column":29}},{"start":{"line":50,"column":33},"end":{"line":50,"column":46}},{"start":{"line":50,"column":50},"end":{"line":50,"column":62}}],"line":50},"4":{"loc":{"start":{"line":62,"column":17},"end":{"line":62,"column":71}},"type":"binary-expr","locations":[{"start":{"line":62,"column":17},"end":{"line":62,"column":32}},{"start":{"line":62,"column":36},"end":{"line":62,"column":52}},{"start":{"line":62,"column":56},"end":{"line":62,"column":71}}],"line":62}},"s":{"0":1,"1":1,"2":1,"3":1,"4":1,"5":0,"6":0,"7":1,"8":1,"9":1,"10":0,"11":0,"12":0,"13":5},"f":{"0":1,"1":1,"2":0,"3":0,"4":5},"b":{"0":[1,0],"1":[0,0],"2":[1,0],"3":[5,3,3],"4":[5,3,3]},"_coverageSchema":"332fd63041d2c1bcb487cc26dd0d5f7d97098a6c","hash":"f2ab560af2205fb4d8e9710958961a8f37e9e5bc"}
,"/Users/saadaouad/react-docs/src/components/handling-events/index.js": {"path":"/Users/saadaouad/react-docs/src/components/handling-events/index.js","statementMap":{"0":{"start":{"line":5,"column":4},"end":{"line":5,"column":17}},"1":{"start":{"line":6,"column":4},"end":{"line":6,"column":38}},"2":{"start":{"line":8,"column":4},"end":{"line":8,"column":51}},"3":{"start":{"line":12,"column":4},"end":{"line":14,"column":8}},"4":{"start":{"line":12,"column":32},"end":{"line":14,"column":5}},"5":{"start":{"line":18,"column":4},"end":{"line":27,"column":6}}},"fnMap":{"0":{"name":"(anonymous_0)","decl":{"start":{"line":4,"column":2},"end":{"line":4,"column":3}},"loc":{"start":{"line":4,"column":21},"end":{"line":9,"column":3}},"line":4},"1":{"name":"(anonymous_1)","decl":{"start":{"line":11,"column":2},"end":{"line":11,"column":3}},"loc":{"start":{"line":11,"column":16},"end":{"line":15,"column":3}},"line":11},"2":{"name":"(anonymous_2)","decl":{"start":{"line":12,"column":18},"end":{"line":12,"column":19}},"loc":{"start":{"line":12,"column":32},"end":{"line":14,"column":5}},"line":12},"3":{"name":"(anonymous_3)","decl":{"start":{"line":17,"column":2},"end":{"line":17,"column":3}},"loc":{"start":{"line":17,"column":11},"end":{"line":28,"column":3}},"line":17}},"branchMap":{"0":{"loc":{"start":{"line":23,"column":13},"end":{"line":23,"column":61}},"type":"cond-expr","locations":[{"start":{"line":23,"column":37},"end":{"line":23,"column":49}},{"start":{"line":23,"column":52},"end":{"line":23,"column":61}}],"line":23}},"s":{"0":1,"1":1,"2":1,"3":1,"4":1,"5":2},"f":{"0":1,"1":1,"2":1,"3":2},"b":{"0":[1,1]},"_coverageSchema":"332fd63041d2c1bcb487cc26dd0d5f7d97098a6c","hash":"9d128daa26f6b66cd9d3fcb5e8daed7aa200da2f"}
,"/Users/saadaouad/react-docs/src/components/happy-hacking/index.js": {"path":"/Users/saadaouad/react-docs/src/components/happy-hacking/index.js","statementMap":{"0":{"start":{"line":6,"column":4},"end":{"line":12,"column":6}}},"fnMap":{"0":{"name":"(anonymous_0)","decl":{"start":{"line":5,"column":2},"end":{"line":5,"column":3}},"loc":{"start":{"line":5,"column":11},"end":{"line":13,"column":3}},"line":5}},"branchMap":{},"s":{"0":2},"f":{"0":2},"b":{},"_coverageSchema":"332fd63041d2c1bcb487cc26dd0d5f7d97098a6c","hash":"fe8463990b0a1db95c8b0bc69faae73c722a8dc1"}
,"/Users/saadaouad/react-docs/src/components/header/index.js": {"path":"/Users/saadaouad/react-docs/src/components/header/index.js","statementMap":{"0":{"start":{"line":6,"column":4},"end":{"line":12,"column":6}}},"fnMap":{"0":{"name":"(anonymous_0)","decl":{"start":{"line":5,"column":2},"end":{"line":5,"column":3}},"loc":{"start":{"line":5,"column":11},"end":{"line":13,"column":3}},"line":5}},"branchMap":{},"s":{"0":2},"f":{"0":2},"b":{},"_coverageSchema":"332fd63041d2c1bcb487cc26dd0d5f7d97098a6c","hash":"655827b96e00dd76f8090d21ee2721f39b66a84a"}
,"/Users/saadaouad/react-docs/src/components/home/index.js": {"path":"/Users/saadaouad/react-docs/src/components/home/index.js","statementMap":{"0":{"start":{"line":8,"column":4},"end":{"line":21,"column":6}}},"fnMap":{"0":{"name":"(anonymous_0)","decl":{"start":{"line":7,"column":2},"end":{"line":7,"column":3}},"loc":{"start":{"line":7,"column":11},"end":{"line":22,"column":3}},"line":7}},"branchMap":{},"s":{"0":1},"f":{"0":1},"b":{},"_coverageSchema":"332fd63041d2c1bcb487cc26dd0d5f7d97098a6c","hash":"e095153359ca46cc2f570fc5aa24f293c3de01b0"}
,"/Users/saadaouad/react-docs/src/components/introducing-jsx/index.js": {"path":"/Users/saadaouad/react-docs/src/components/introducing-jsx/index.js","statementMap":{"0":{"start":{"line":4,"column":2},"end":{"line":4,"column":46}},"1":{"start":{"line":7,"column":13},"end":{"line":10,"column":1}},"2":{"start":{"line":14,"column":4},"end":{"line":21,"column":6}}},"fnMap":{"0":{"name":"formatName","decl":{"start":{"line":3,"column":9},"end":{"line":3,"column":19}},"loc":{"start":{"line":3,"column":26},"end":{"line":5,"column":1}},"line":3},"1":{"name":"(anonymous_1)","decl":{"start":{"line":13,"column":2},"end":{"line":13,"column":3}},"loc":{"start":{"line":13,"column":11},"end":{"line":22,"column":3}},"line":13}},"branchMap":{},"s":{"0":1,"1":1,"2":1},"f":{"0":1,"1":1},"b":{},"_coverageSchema":"332fd63041d2c1bcb487cc26dd0d5f7d97098a6c","hash":"caef8ce810a078e33294bd2b5d1a4588f857a4af"}
,"/Users/saadaouad/react-docs/src/components/lifting-state-up/TemperatureInput.js": {"path":"/Users/saadaouad/react-docs/src/components/lifting-state-up/TemperatureInput.js","statementMap":{"0":{"start":{"line":4,"column":19},"end":{"line":7,"column":1}},"1":{"start":{"line":11,"column":4},"end":{"line":11,"column":17}},"2":{"start":{"line":12,"column":4},"end":{"line":12,"column":53}},"3":{"start":{"line":16,"column":4},"end":{"line":16,"column":51}},"4":{"start":{"line":20,"column":35},"end":{"line":20,"column":45}},"5":{"start":{"line":21,"column":4},"end":{"line":26,"column":6}},"6":{"start":{"line":30,"column":0},"end":{"line":34,"column":2}}},"fnMap":{"0":{"name":"(anonymous_0)","decl":{"start":{"line":10,"column":2},"end":{"line":10,"column":3}},"loc":{"start":{"line":10,"column":21},"end":{"line":13,"column":3}},"line":10},"1":{"name":"(anonymous_1)","decl":{"start":{"line":15,"column":2},"end":{"line":15,"column":3}},"loc":{"start":{"line":15,"column":18},"end":{"line":17,"column":3}},"line":15},"2":{"name":"(anonymous_2)","decl":{"start":{"line":19,"column":2},"end":{"line":19,"column":3}},"loc":{"start":{"line":19,"column":11},"end":{"line":27,"column":3}},"line":19}},"branchMap":{},"s":{"0":2,"1":4,"2":4,"3":0,"4":4,"5":4,"6":2},"f":{"0":4,"1":0,"2":4},"b":{},"_coverageSchema":"332fd63041d2c1bcb487cc26dd0d5f7d97098a6c","hash":"cc7beeca4998c8822eb5262c5b0712aa276c7e06"}
,"/Users/saadaouad/react-docs/src/components/lifting-state-up/index.js": {"path":"/Users/saadaouad/react-docs/src/components/lifting-state-up/index.js","statementMap":{"0":{"start":{"line":5,"column":2},"end":{"line":7,"column":3}},"1":{"start":{"line":6,"column":4},"end":{"line":6,"column":40}},"2":{"start":{"line":8,"column":2},"end":{"line":8,"column":42}},"3":{"start":{"line":12,"column":2},"end":{"line":12,"column":37}},"4":{"start":{"line":16,"column":2},"end":{"line":16,"column":32}},"5":{"start":{"line":20,"column":16},"end":{"line":20,"column":39}},"6":{"start":{"line":21,"column":2},"end":{"line":23,"column":3}},"7":{"start":{"line":22,"column":4},"end":{"line":22,"column":14}},"8":{"start":{"line":24,"column":17},"end":{"line":24,"column":31}},"9":{"start":{"line":25,"column":18},"end":{"line":25,"column":50}},"10":{"start":{"line":26,"column":2},"end":{"line":26,"column":28}},"11":{"start":{"line":31,"column":4},"end":{"line":31,"column":17}},"12":{"start":{"line":32,"column":4},"end":{"line":32,"column":67}},"13":{"start":{"line":33,"column":4},"end":{"line":33,"column":73}},"14":{"start":{"line":34,"column":4},"end":{"line":34,"column":49}},"15":{"start":{"line":38,"column":4},"end":{"line":38,"column":47}},"16":{"start":{"line":42,"column":4},"end":{"line":42,"column":47}},"17":{"start":{"line":46,"column":18},"end":{"line":46,"column":34}},"18":{"start":{"line":47,"column":24},"end":{"line":47,"column":46}},"19":{"start":{"line":49,"column":6},"end":{"line":49,"column":70}},"20":{"start":{"line":51,"column":6},"end":{"line":51,"column":73}},"21":{"start":{"line":52,"column":4},"end":{"line":69,"column":6}}},"fnMap":{"0":{"name":"BoilingVerdict","decl":{"start":{"line":4,"column":9},"end":{"line":4,"column":23}},"loc":{"start":{"line":4,"column":31},"end":{"line":9,"column":1}},"line":4},"1":{"name":"toCelsius","decl":{"start":{"line":11,"column":9},"end":{"line":11,"column":18}},"loc":{"start":{"line":11,"column":31},"end":{"line":13,"column":1}},"line":11},"2":{"name":"toFahrenheit","decl":{"start":{"line":15,"column":9},"end":{"line":15,"column":21}},"loc":{"start":{"line":15,"column":31},"end":{"line":17,"column":1}},"line":15},"3":{"name":"tryConvert","decl":{"start":{"line":19,"column":9},"end":{"line":19,"column":19}},"loc":{"start":{"line":19,"column":42},"end":{"line":27,"column":1}},"line":19},"4":{"name":"(anonymous_4)","decl":{"start":{"line":30,"column":2},"end":{"line":30,"column":3}},"loc":{"start":{"line":30,"column":21},"end":{"line":35,"column":3}},"line":30},"5":{"name":"(anonymous_5)","decl":{"start":{"line":37,"column":2},"end":{"line":37,"column":3}},"loc":{"start":{"line":37,"column":35},"end":{"line":39,"column":3}},"line":37},"6":{"name":"(anonymous_6)","decl":{"start":{"line":41,"column":2},"end":{"line":41,"column":3}},"loc":{"start":{"line":41,"column":38},"end":{"line":43,"column":3}},"line":41},"7":{"name":"(anonymous_7)","decl":{"start":{"line":45,"column":2},"end":{"line":45,"column":3}},"loc":{"start":{"line":45,"column":11},"end":{"line":70,"column":3}},"line":45}},"branchMap":{"0":{"loc":{"start":{"line":5,"column":2},"end":{"line":7,"column":3}},"type":"if","locations":[{"start":{"line":5,"column":2},"end":{"line":7,"column":3}},{"start":{"line":5,"column":2},"end":{"line":7,"column":3}}],"line":5},"1":{"loc":{"start":{"line":21,"column":2},"end":{"line":23,"column":3}},"type":"if","locations":[{"start":{"line":21,"column":2},"end":{"line":23,"column":3}},{"start":{"line":21,"column":2},"end":{"line":23,"column":3}}],"line":21},"2":{"loc":{"start":{"line":49,"column":6},"end":{"line":49,"column":70}},"type":"cond-expr","locations":[{"start":{"line":49,"column":22},"end":{"line":49,"column":56}},{"start":{"line":49,"column":59},"end":{"line":49,"column":70}}],"line":49},"3":{"loc":{"start":{"line":51,"column":6},"end":{"line":51,"column":73}},"type":"cond-expr","locations":[{"start":{"line":51,"column":22},"end":{"line":51,"column":59}},{"start":{"line":51,"column":62},"end":{"line":51,"column":73}}],"line":51}},"s":{"0":2,"1":0,"2":2,"3":0,"4":0,"5":2,"6":2,"7":2,"8":0,"9":0,"10":0,"11":2,"12":2,"13":2,"14":2,"15":0,"16":0,"17":2,"18":2,"19":2,"20":2,"21":2},"f":{"0":2,"1":0,"2":0,"3":2,"4":2,"5":0,"6":0,"7":2},"b":{"0":[0,2],"1":[2,0],"2":[0,2],"3":[2,0]},"_coverageSchema":"332fd63041d2c1bcb487cc26dd0d5f7d97098a6c","hash":"27f32b15b596870b5b63547841be1d210ae177c8"}
,"/Users/saadaouad/react-docs/src/components/lists-and-keys/index.js": {"path":"/Users/saadaouad/react-docs/src/components/lists-and-keys/index.js","statementMap":{"0":{"start":{"line":3,"column":18},"end":{"line":16,"column":1}},"1":{"start":{"line":4,"column":18},"end":{"line":4,"column":33}},"2":{"start":{"line":5,"column":20},"end":{"line":9,"column":4}},"3":{"start":{"line":6,"column":4},"end":{"line":8,"column":9}},"4":{"start":{"line":10,"column":2},"end":{"line":15,"column":4}}},"fnMap":{"0":{"name":"(anonymous_0)","decl":{"start":{"line":3,"column":18},"end":{"line":3,"column":19}},"loc":{"start":{"line":3,"column":24},"end":{"line":16,"column":1}},"line":3},"1":{"name":"(anonymous_1)","decl":{"start":{"line":5,"column":32},"end":{"line":5,"column":33}},"loc":{"start":{"line":6,"column":4},"end":{"line":8,"column":9}},"line":6}},"branchMap":{},"s":{"0":1,"1":1,"2":1,"3":5,"4":1},"f":{"0":1,"1":5},"b":{},"_coverageSchema":"332fd63041d2c1bcb487cc26dd0d5f7d97098a6c","hash":"91b4fdeb6ee56e26157b7de1790b0b7c09bd519c"}
,"/Users/saadaouad/react-docs/src/components/main-component/index.js": {"path":"/Users/saadaouad/react-docs/src/components/main-component/index.js","statementMap":{"0":{"start":{"line":5,"column":4},"end":{"line":16,"column":6}}},"fnMap":{"0":{"name":"(anonymous_0)","decl":{"start":{"line":4,"column":2},"end":{"line":4,"column":3}},"loc":{"start":{"line":4,"column":11},"end":{"line":17,"column":3}},"line":4}},"branchMap":{},"s":{"0":1},"f":{"0":1},"b":{},"_coverageSchema":"332fd63041d2c1bcb487cc26dd0d5f7d97098a6c","hash":"4d68e7deb7fc43ddd1a478337c7296b57acbc374"}
,"/Users/saadaouad/react-docs/src/components/menu/index.js": {"path":"/Users/saadaouad/react-docs/src/components/menu/index.js","statementMap":{"0":{"start":{"line":6,"column":21},"end":{"line":8,"column":5}},"1":{"start":{"line":7,"column":6},"end":{"line":7,"column":67}},"2":{"start":{"line":9,"column":4},"end":{"line":92,"column":6}}},"fnMap":{"0":{"name":"(anonymous_0)","decl":{"start":{"line":5,"column":2},"end":{"line":5,"column":3}},"loc":{"start":{"line":5,"column":11},"end":{"line":93,"column":3}},"line":5},"1":{"name":"(anonymous_1)","decl":{"start":{"line":6,"column":21},"end":{"line":6,"column":22}},"loc":{"start":{"line":6,"column":40},"end":{"line":8,"column":5}},"line":6}},"branchMap":{"0":{"loc":{"start":{"line":7,"column":13},"end":{"line":7,"column":66}},"type":"cond-expr","locations":[{"start":{"line":7,"column":25},"end":{"line":7,"column":59}},{"start":{"line":7,"column":62},"end":{"line":7,"column":66}}],"line":7}},"s":{"0":2,"1":8,"2":2},"f":{"0":2,"1":8},"b":{"0":[0,8]},"_coverageSchema":"332fd63041d2c1bcb487cc26dd0d5f7d97098a6c","hash":"562a2c538b288f8deec92c8300eacfe47889dd5f"}
,"/Users/saadaouad/react-docs/src/components/state-and-lifecycle/index.js": {"path":"/Users/saadaouad/react-docs/src/components/state-and-lifecycle/index.js","statementMap":{"0":{"start":{"line":4,"column":2},"end":{"line":8,"column":4}},"1":{"start":{"line":13,"column":4},"end":{"line":13,"column":17}},"2":{"start":{"line":14,"column":4},"end":{"line":14,"column":38}},"3":{"start":{"line":18,"column":4},"end":{"line":18,"column":56}},"4":{"start":{"line":18,"column":37},"end":{"line":18,"column":48}},"5":{"start":{"line":22,"column":4},"end":{"line":22,"column":32}},"6":{"start":{"line":26,"column":4},"end":{"line":28,"column":7}},"7":{"start":{"line":32,"column":4},"end":{"line":39,"column":6}}},"fnMap":{"0":{"name":"FormattedDate","decl":{"start":{"line":3,"column":9},"end":{"line":3,"column":22}},"loc":{"start":{"line":3,"column":30},"end":{"line":9,"column":1}},"line":3},"1":{"name":"(anonymous_1)","decl":{"start":{"line":12,"column":2},"end":{"line":12,"column":3}},"loc":{"start":{"line":12,"column":21},"end":{"line":15,"column":3}},"line":12},"2":{"name":"(anonymous_2)","decl":{"start":{"line":17,"column":2},"end":{"line":17,"column":3}},"loc":{"start":{"line":17,"column":22},"end":{"line":19,"column":3}},"line":17},"3":{"name":"(anonymous_3)","decl":{"start":{"line":18,"column":31},"end":{"line":18,"column":32}},"loc":{"start":{"line":18,"column":37},"end":{"line":18,"column":48}},"line":18},"4":{"name":"(anonymous_4)","decl":{"start":{"line":21,"column":2},"end":{"line":21,"column":3}},"loc":{"start":{"line":21,"column":25},"end":{"line":23,"column":3}},"line":21},"5":{"name":"(anonymous_5)","decl":{"start":{"line":25,"column":2},"end":{"line":25,"column":3}},"loc":{"start":{"line":25,"column":9},"end":{"line":29,"column":3}},"line":25},"6":{"name":"(anonymous_6)","decl":{"start":{"line":31,"column":2},"end":{"line":31,"column":3}},"loc":{"start":{"line":31,"column":11},"end":{"line":40,"column":3}},"line":31}},"branchMap":{},"s":{"0":1,"1":1,"2":1,"3":1,"4":0,"5":0,"6":0,"7":1},"f":{"0":1,"1":1,"2":1,"3":0,"4":0,"5":0,"6":1},"b":{},"_coverageSchema":"332fd63041d2c1bcb487cc26dd0d5f7d97098a6c","hash":"88cc3404a7cfff0f2c9937312da5dcd460ff62ec"}
,"/Users/saadaouad/react-docs/src/routes/index.js": {"path":"/Users/saadaouad/react-docs/src/routes/index.js","statementMap":{"0":{"start":{"line":1,"column":0},"end":{"line":null,"column":-1}},"1":{"start":{"line":2,"column":0},"end":{"line":null,"column":-1}},"2":{"start":{"line":3,"column":0},"end":{"line":null,"column":-1}},"3":{"start":{"line":4,"column":0},"end":{"line":null,"column":-1}},"4":{"start":{"line":5,"column":0},"end":{"line":null,"column":-1}},"5":{"start":{"line":6,"column":0},"end":{"line":null,"column":-1}},"6":{"start":{"line":7,"column":0},"end":{"line":null,"column":-1}},"7":{"start":{"line":8,"column":0},"end":{"line":null,"column":-1}},"8":{"start":{"line":9,"column":0},"end":{"line":null,"column":-1}},"9":{"start":{"line":10,"column":0},"end":{"line":null,"column":-1}},"10":{"start":{"line":11,"column":0},"end":{"line":null,"column":-1}},"11":{"start":{"line":12,"column":0},"end":{"line":null,"column":-1}},"12":{"start":{"line":13,"column":0},"end":{"line":null,"column":-1}},"13":{"start":{"line":15,"column":11},"end":{"line":15,"column":0}},"14":{"start":{"line":17,"column":12},"end":{"line":17,"column":0}},"15":{"start":{"line":18,"column":2},"end":{"line":null,"column":-1}}},"fnMap":{"0":{"name":"(anonymous_0)","decl":{"start":{"line":17,"column":12},"end":{"line":17,"column":17}},"loc":{"start":{"line":17,"column":18},"end":{"line":17,"column":0}}}},"branchMap":{},"s":{"0":0,"1":0,"2":0,"3":0,"4":0,"5":0,"6":0,"7":0,"8":0,"9":0,"10":0,"11":0,"12":0,"13":0,"14":0,"15":0},"f":{"0":0},"b":{}}
}
