TN:
SF:/Users/saadaouad/react-docs/src/index.js
FNF:0
FNH:0
DA:1,0
DA:2,0
DA:3,0
DA:4,0
DA:5,0
DA:7,0
DA:8,0
DA:10,0
DA:11,0
LF:9
LH:0
BRF:0
BRH:0
end_of_record
TN:
SF:/Users/saadaouad/react-docs/src/registerServiceWorker.js
FN:21,register
FN:32,(anonymous_1)
FN:46,registerValidSW
FN:49,(anonymous_3)
FN:50,(anonymous_4)
FN:52,(anonymous_5)
FN:70,(anonymous_6)
FN:75,checkValidServiceWorker
FN:78,(anonymous_8)
FN:85,(anonymous_9)
FN:86,(anonymous_10)
FN:95,(anonymous_11)
FN:102,unregister
FN:104,(anonymous_13)
FNF:14
FNH:0
FNDA:0,register
FNDA:0,(anonymous_1)
FNDA:0,registerValidSW
FNDA:0,(anonymous_3)
FNDA:0,(anonymous_4)
FNDA:0,(anonymous_5)
FNDA:0,(anonymous_6)
FNDA:0,checkValidServiceWorker
FNDA:0,(anonymous_8)
FNDA:0,(anonymous_9)
FNDA:0,(anonymous_10)
FNDA:0,(anonymous_11)
FNDA:0,unregister
FNDA:0,(anonymous_13)
DA:11,0
DA:22,0
DA:24,0
DA:25,0
DA:29,0
DA:32,0
DA:33,0
DA:35,0
DA:37,0
DA:40,0
DA:47,0
DA:50,0
DA:51,0
DA:52,0
DA:53,0
DA:54,0
DA:59,0
DA:64,0
DA:71,0
DA:77,0
DA:80,0
DA:85,0
DA:86,0
DA:87,0
DA:92,0
DA:96,0
DA:103,0
DA:104,0
DA:105,0
LF:29
LH:0
BRDA:12,0,0,0
BRDA:12,0,1,0
BRDA:12,0,2,0
BRDA:22,1,0,0
BRDA:22,1,1,0
BRDA:22,2,0,0
BRDA:22,2,1,0
BRDA:25,3,0,0
BRDA:25,3,1,0
BRDA:35,4,0,0
BRDA:35,4,1,0
BRDA:53,5,0,0
BRDA:53,5,1,0
BRDA:54,6,0,0
BRDA:54,6,1,0
BRDA:80,7,0,0
BRDA:80,7,1,0
BRDA:81,8,0,0
BRDA:81,8,1,0
BRDA:103,9,0,0
BRDA:103,9,1,0
BRF:21
BRH:0
end_of_record
TN:
SF:/Users/saadaouad/react-docs/src/setupTests.js
FNF:0
FNH:0
DA:4,19
LF:1
LH:1
BRF:0
BRH:0
end_of_record
TN:
SF:/Users/saadaouad/react-docs/src/components/components-and-props/Avatar.js
FN:4,(anonymous_0)
FNF:1
FNH:1
FNDA:2,(anonymous_0)
DA:5,2
LF:1
LH:1
BRF:0
BRH:0
end_of_record
TN:
SF:/Users/saadaouad/react-docs/src/components/components-and-props/UserInfo.js
FN:5,(anonymous_0)
FNF:1
FNH:1
FNDA:1,(anonymous_0)
DA:6,1
LF:1
LH:1
BRF:0
BRH:0
end_of_record
TN:
SF:/Users/saadaouad/react-docs/src/components/composition-vs-inheritance/index.js
FN:3,FancyBorder
FN:7,Dialog
FN:17,SplitPane
FN:26,Contacts
FN:30,Chat
FN:35,(anonymous_5)
FN:42,(anonymous_6)
FN:46,(anonymous_7)
FN:50,(anonymous_8)
FNF:9
FNH:7
FNDA:1,FancyBorder
FNDA:1,Dialog
FNDA:1,SplitPane
FNDA:1,Contacts
FNDA:1,Chat
FNDA:1,(anonymous_5)
FNDA:0,(anonymous_6)
FNDA:0,(anonymous_7)
FNDA:1,(anonymous_8)
DA:4,1
DA:8,1
DA:18,1
DA:27,1
DA:31,1
DA:36,1
DA:37,1
DA:38,1
DA:39,1
DA:43,0
DA:47,0
DA:51,1
LF:12
LH:10
BRF:0
BRH:0
end_of_record
TN:
SF:/Users/saadaouad/react-docs/src/components/conditional-rendering/Page.js
FN:3,WarningBanner
FN:12,(anonymous_1)
FN:18,(anonymous_2)
FN:19,(anonymous_3)
FN:24,(anonymous_4)
FNF:5
FNH:4
FNDA:0,WarningBanner
FNDA:1,(anonymous_1)
FNDA:1,(anonymous_2)
FNDA:1,(anonymous_3)
FNDA:2,(anonymous_4)
DA:4,0
DA:5,0
DA:8,0
DA:13,1
DA:14,1
DA:15,1
DA:19,1
DA:25,2
LF:8
LH:5
BRDA:4,0,0,0
BRDA:4,0,1,0
BRDA:29,1,0,1
BRDA:29,1,1,1
BRF:4
BRH:2
end_of_record
TN:
SF:/Users/saadaouad/react-docs/src/components/conditional-rendering/index.js
FN:3,UserGreeting
FN:7,GuestGreeting
FN:11,Greeting
FN:19,LoginButton
FN:23,LogoutButton
FN:28,(anonymous_5)
FN:35,(anonymous_6)
FN:39,(anonymous_7)
FN:43,(anonymous_8)
FNF:9
FNH:4
FNDA:0,UserGreeting
FNDA:0,GuestGreeting
FNDA:0,Greeting
FNDA:0,LoginButton
FNDA:0,LogoutButton
FNDA:1,(anonymous_5)
FNDA:1,(anonymous_6)
FNDA:1,(anonymous_7)
FNDA:3,(anonymous_8)
DA:4,0
DA:8,0
DA:12,0
DA:13,0
DA:14,0
DA:16,0
DA:20,0
DA:24,0
DA:29,1
DA:30,1
DA:31,1
DA:32,1
DA:36,1
DA:40,1
DA:44,3
DA:45,3
DA:51,3
LF:17
LH:9
BRDA:13,0,0,0
BRDA:13,0,1,0
BRDA:45,1,0,1
BRDA:45,1,1,2
BRF:4
BRH:2
end_of_record
TN:
SF:/Users/saadaouad/react-docs/src/components/forms/index.js
FN:4,(anonymous_0)
FN:10,(anonymous_1)
FN:24,(anonymous_2)
FN:25,(anonymous_3)
FN:31,(anonymous_4)
FNF:5
FNH:3
FNDA:1,(anonymous_0)
FNDA:1,(anonymous_1)
FNDA:0,(anonymous_2)
FNDA:0,(anonymous_3)
FNDA:5,(anonymous_4)
DA:4,1
DA:5,1
DA:11,1
DA:12,1
DA:13,1
DA:14,0
DA:17,0
DA:19,1
DA:20,1
DA:22,1
DA:25,0
DA:26,0
DA:27,0
DA:40,5
LF:14
LH:9
BRDA:12,0,0,1
BRDA:12,0,1,0
BRDA:14,1,0,0
BRDA:14,1,1,0
BRDA:19,2,0,1
BRDA:19,2,1,0
BRDA:50,3,0,5
BRDA:50,3,1,3
BRDA:50,3,2,3
BRDA:62,4,0,5
BRDA:62,4,1,3
BRDA:62,4,2,3
BRF:12
BRH:8
end_of_record
TN:
SF:/Users/saadaouad/react-docs/src/components/handling-events/index.js
FN:4,(anonymous_0)
FN:11,(anonymous_1)
FN:12,(anonymous_2)
FN:17,(anonymous_3)
FNF:4
FNH:4
FNDA:1,(anonymous_0)
FNDA:1,(anonymous_1)
FNDA:1,(anonymous_2)
FNDA:2,(anonymous_3)
DA:5,1
DA:6,1
DA:8,1
DA:12,1
DA:18,2
LF:5
LH:5
BRDA:23,0,0,1
BRDA:23,0,1,1
BRF:2
BRH:2
end_of_record
TN:
SF:/Users/saadaouad/react-docs/src/components/happy-hacking/index.js
FN:5,(anonymous_0)
FNF:1
FNH:1
FNDA:2,(anonymous_0)
DA:6,2
LF:1
LH:1
BRF:0
BRH:0
end_of_record
TN:
SF:/Users/saadaouad/react-docs/src/components/header/index.js
FN:5,(anonymous_0)
FNF:1
FNH:1
FNDA:2,(anonymous_0)
DA:6,2
LF:1
LH:1
BRF:0
BRH:0
end_of_record
TN:
SF:/Users/saadaouad/react-docs/src/components/home/index.js
FN:7,(anonymous_0)
FNF:1
FNH:1
FNDA:1,(anonymous_0)
DA:8,1
LF:1
LH:1
BRF:0
BRH:0
end_of_record
TN:
SF:/Users/saadaouad/react-docs/src/components/introducing-jsx/index.js
FN:3,formatName
FN:13,(anonymous_1)
FNF:2
FNH:2
FNDA:1,formatName
FNDA:1,(anonymous_1)
DA:4,1
DA:7,1
DA:14,1
LF:3
LH:3
BRF:0
BRH:0
end_of_record
TN:
SF:/Users/saadaouad/react-docs/src/components/lifting-state-up/TemperatureInput.js
FN:10,(anonymous_0)
FN:15,(anonymous_1)
FN:19,(anonymous_2)
FNF:3
FNH:2
FNDA:4,(anonymous_0)
FNDA:0,(anonymous_1)
FNDA:4,(anonymous_2)
DA:4,2
DA:11,4
DA:12,4
DA:16,0
DA:20,4
DA:21,4
DA:30,2
LF:7
LH:6
BRF:0
BRH:0
end_of_record
TN:
SF:/Users/saadaouad/react-docs/src/components/lifting-state-up/index.js
FN:4,BoilingVerdict
FN:11,toCelsius
FN:15,toFahrenheit
FN:19,tryConvert
FN:30,(anonymous_4)
FN:37,(anonymous_5)
FN:41,(anonymous_6)
FN:45,(anonymous_7)
FNF:8
FNH:4
FNDA:2,BoilingVerdict
FNDA:0,toCelsius
FNDA:0,toFahrenheit
FNDA:2,tryConvert
FNDA:2,(anonymous_4)
FNDA:0,(anonymous_5)
FNDA:0,(anonymous_6)
FNDA:2,(anonymous_7)
DA:5,2
DA:6,0
DA:8,2
DA:12,0
DA:16,0
DA:20,2
DA:21,2
DA:22,2
DA:24,0
DA:25,0
DA:26,0
DA:31,2
DA:32,2
DA:33,2
DA:34,2
DA:38,0
DA:42,0
DA:46,2
DA:47,2
DA:49,2
DA:51,2
DA:52,2
LF:22
LH:14
BRDA:5,0,0,0
BRDA:5,0,1,2
BRDA:21,1,0,2
BRDA:21,1,1,0
BRDA:49,2,0,0
BRDA:49,2,1,2
BRDA:51,3,0,2
BRDA:51,3,1,0
BRF:8
BRH:4
end_of_record
TN:
SF:/Users/saadaouad/react-docs/src/components/lists-and-keys/index.js
FN:3,(anonymous_0)
FN:5,(anonymous_1)
FNF:2
FNH:2
FNDA:1,(anonymous_0)
FNDA:5,(anonymous_1)
DA:3,1
DA:4,1
DA:5,1
DA:6,5
DA:10,1
LF:5
LH:5
BRF:0
BRH:0
end_of_record
TN:
SF:/Users/saadaouad/react-docs/src/components/main-component/index.js
FN:4,(anonymous_0)
FNF:1
FNH:1
FNDA:1,(anonymous_0)
DA:5,1
LF:1
LH:1
BRF:0
BRH:0
end_of_record
TN:
SF:/Users/saadaouad/react-docs/src/components/menu/index.js
FN:5,(anonymous_0)
FN:6,(anonymous_1)
FNF:2
FNH:2
FNDA:2,(anonymous_0)
FNDA:10,(anonymous_1)
DA:6,2
DA:7,10
DA:9,2
LF:3
LH:3
BRDA:7,0,0,0
BRDA:7,0,1,10
BRF:2
BRH:1
end_of_record
TN:
SF:/Users/saadaouad/react-docs/src/components/state-and-lifecycle/index.js
FN:3,FormattedDate
FN:12,(anonymous_1)
FN:17,(anonymous_2)
FN:18,(anonymous_3)
FN:21,(anonymous_4)
FN:25,(anonymous_5)
FN:31,(anonymous_6)
FNF:7
FNH:4
FNDA:1,FormattedDate
FNDA:1,(anonymous_1)
FNDA:1,(anonymous_2)
FNDA:0,(anonymous_3)
FNDA:0,(anonymous_4)
FNDA:0,(anonymous_5)
FNDA:1,(anonymous_6)
DA:4,1
DA:13,1
DA:14,1
DA:18,1
DA:22,0
DA:26,0
DA:32,1
LF:7
LH:5
BRF:0
BRH:0
end_of_record
TN:
SF:/Users/saadaouad/react-docs/src/components/thinking-in-react/Products.js
FN:4,(anonymous_0)
FN:7,(anonymous_1)
FN:9,(anonymous_2)
FN:23,(anonymous_3)
FN:33,(anonymous_4)
FNF:5
FNH:5
FNDA:2,(anonymous_0)
FNDA:12,(anonymous_1)
FNDA:12,(anonymous_2)
FNDA:6,(anonymous_3)
FNDA:6,(anonymous_4)
DA:4,2
DA:6,2
DA:7,12
DA:9,12
DA:10,2
DA:24,6
DA:34,6
DA:46,2
LF:8
LH:8
BRDA:6,0,0,2
BRDA:6,0,1,2
BRDA:9,1,0,2
BRDA:9,1,1,2
BRF:4
BRH:4
end_of_record
TN:
SF:/Users/saadaouad/react-docs/src/components/thinking-in-react/index.js
FN:6,(anonymous_0)
FNF:1
FNH:1
FNDA:1,(anonymous_0)
DA:7,1
LF:1
LH:1
BRF:0
BRH:0
end_of_record
TN:
SF:/Users/saadaouad/react-docs/src/routes/index.js
FN:19,(anonymous_0)
FNF:1
FNH:0
FNDA:0,(anonymous_0)
DA:1,0
DA:2,0
DA:3,0
DA:4,0
DA:5,0
DA:6,0
DA:7,0
DA:8,0
DA:9,0
DA:10,0
DA:11,0
DA:12,0
DA:13,0
DA:14,0
DA:15,0
DA:17,0
DA:19,0
DA:20,0
LF:18
LH:0
BRF:0
BRH:0
end_of_record
